<?xml version="1.0" encoding="utf-8"?>
<!DOCTYPE coverage SYSTEM "http://cobertura.sourceforge.net/xml/coverage-04.dtd">
<coverage line-rate="0.9565217391304348" branch-rate="0.8857142857142857" lines-covered="286" lines-valid="299" branches-covered="62" branches-valid="70" complexity="87" version="0" timestamp="1743545886">
  <sources>
    <source>C:\Users\luism\Documents\GitHub\HuffmanCompressor\</source>
  </sources>
  <packages>
    <package name="HuffmanCompressorCmd" line-rate="1" branch-rate="1" complexity="9">
      <classes>
        <class name="HuffmanCompressorCmd.Program" filename="C:\Users\luism\Documents\GitHub\HuffmanCompressor\HuffmanCompressorCmd\Program.cs" line-rate="1" branch-rate="1" complexity="9">
          <methods>
            <method name="SetCompressorReference" signature="(HuffmanCompressorLib.IFileCompressor)" line-rate="1" branch-rate="1" complexity="1">
              <lines>
                <line number="25" hits="5" branch="false" />
                <line number="26" hits="5" branch="false" />
                <line number="27" hits="5" branch="false" />
              </lines>
            </method>
            <method name="Run" signature="(System.String[])" line-rate="1" branch-rate="1" complexity="6">
              <lines>
                <line number="40" hits="13" branch="false" />
                <line number="43" hits="13" branch="true" condition-coverage="100% (2/2)" />
                <line number="44" hits="2" branch="false" />
                <line number="45" hits="2" branch="false" />
                <line number="46" hits="2" branch="false" />
                <line number="49" hits="11" branch="true" condition-coverage="100% (4/4)" />
                <line number="52" hits="5" branch="false" />
                <line number="53" hits="5" branch="false" />
                <line number="55" hits="5" branch="false" />
                <line number="56" hits="5" branch="false" />
                <line number="58" hits="1" branch="false" />
                <line number="59" hits="1" branch="false" />
                <line number="61" hits="10" branch="false" />
              </lines>
            </method>
            <method name="Main" signature="(System.String[])" line-rate="1" branch-rate="1" complexity="1">
              <lines>
                <line number="68" hits="8" branch="false" />
                <line number="69" hits="8" branch="false" />
                <line number="70" hits="8" branch="false" />
                <line number="71" hits="8" branch="false" />
              </lines>
            </method>
            <method name=".ctor" signature="()" line-rate="1" branch-rate="1" complexity="1">
              <lines>
                <line number="15" hits="13" branch="false" />
                <line number="16" hits="13" branch="false" />
                <line number="17" hits="13" branch="false" />
                <line number="18" hits="13" branch="false" />
              </lines>
            </method>
          </methods>
          <lines>
            <line number="15" hits="13" branch="false" />
            <line number="16" hits="13" branch="false" />
            <line number="17" hits="13" branch="false" />
            <line number="18" hits="13" branch="false" />
            <line number="25" hits="5" branch="false" />
            <line number="26" hits="5" branch="false" />
            <line number="27" hits="5" branch="false" />
            <line number="40" hits="13" branch="false" />
            <line number="43" hits="13" branch="true" condition-coverage="100% (2/2)" />
            <line number="44" hits="2" branch="false" />
            <line number="45" hits="2" branch="false" />
            <line number="46" hits="2" branch="false" />
            <line number="49" hits="11" branch="true" condition-coverage="100% (4/4)" />
            <line number="52" hits="5" branch="false" />
            <line number="53" hits="5" branch="false" />
            <line number="55" hits="5" branch="false" />
            <line number="56" hits="5" branch="false" />
            <line number="58" hits="1" branch="false" />
            <line number="59" hits="1" branch="false" />
            <line number="61" hits="10" branch="false" />
            <line number="68" hits="8" branch="false" />
            <line number="69" hits="8" branch="false" />
            <line number="70" hits="8" branch="false" />
            <line number="71" hits="8" branch="false" />
          </lines>
        </class>
      </classes>
    </package>
    <package name="HuffmanCompressorLib" line-rate="0.9527272727272728" branch-rate="0.875" complexity="78">
      <classes>
        <class name="HuffmanCompressorLib.BitReader" filename="C:\Users\luism\Documents\GitHub\HuffmanCompressor\HuffmanCompressor\BitReader.cs" line-rate="0.9090909090909091" branch-rate="0.8333333333333334" complexity="7">
          <methods>
            <method name="ReadNextBit" signature="()" line-rate="0.8666666666666667" branch-rate="0.8333333333333334" complexity="6">
              <lines>
                <line number="30" hits="1530628" branch="false" />
                <line number="33" hits="1530628" branch="true" condition-coverage="100% (2/2)" />
                <line number="34" hits="191332" branch="false" />
                <line number="35" hits="191332" branch="false" />
                <line number="36" hits="191332" branch="true" condition-coverage="50% (1/2)" />
                <line number="37" hits="0" branch="false" />
                <line number="38" hits="0" branch="false" />
                <line number="40" hits="191332" branch="false" />
                <line number="41" hits="191332" branch="false" />
                <line number="42" hits="191332" branch="false" />
                <line number="44" hits="1530628" branch="false" />
                <line number="45" hits="1530628" branch="true" condition-coverage="100% (2/2)" />
                <line number="46" hits="1530628" branch="false" />
                <line number="47" hits="1530628" branch="false" />
                <line number="48" hits="1530628" branch="false" />
              </lines>
            </method>
            <method name=".ctor" signature="(System.IO.FileStream)" line-rate="1" branch-rate="1" complexity="1">
              <lines>
                <line number="16" hits="6" branch="false" />
                <line number="17" hits="6" branch="false" />
                <line number="18" hits="6" branch="false" />
                <line number="19" hits="6" branch="false" />
                <line number="20" hits="6" branch="false" />
                <line number="21" hits="6" branch="false" />
                <line number="22" hits="6" branch="false" />
              </lines>
            </method>
          </methods>
          <lines>
            <line number="16" hits="6" branch="false" />
            <line number="17" hits="6" branch="false" />
            <line number="18" hits="6" branch="false" />
            <line number="19" hits="6" branch="false" />
            <line number="20" hits="6" branch="false" />
            <line number="21" hits="6" branch="false" />
            <line number="22" hits="6" branch="false" />
            <line number="30" hits="1530628" branch="false" />
            <line number="33" hits="1530628" branch="true" condition-coverage="100% (2/2)" />
            <line number="34" hits="191332" branch="false" />
            <line number="35" hits="191332" branch="false" />
            <line number="36" hits="191332" branch="true" condition-coverage="50% (1/2)" />
            <line number="37" hits="0" branch="false" />
            <line number="38" hits="0" branch="false" />
            <line number="40" hits="191332" branch="false" />
            <line number="41" hits="191332" branch="false" />
            <line number="42" hits="191332" branch="false" />
            <line number="44" hits="1530628" branch="false" />
            <line number="45" hits="1530628" branch="true" condition-coverage="100% (2/2)" />
            <line number="46" hits="1530628" branch="false" />
            <line number="47" hits="1530628" branch="false" />
            <line number="48" hits="1530628" branch="false" />
          </lines>
        </class>
        <class name="HuffmanCompressorLib.BitWriter" filename="C:\Users\luism\Documents\GitHub\HuffmanCompressor\HuffmanCompressor\BitWriter.cs" line-rate="0.9696969696969697" branch-rate="0.875" complexity="10">
          <methods>
            <method name="WriteBits" signature="(System.String)" line-rate="0.9565217391304348" branch-rate="0.875" complexity="8">
              <lines>
                <line number="30" hits="192508" branch="false" />
                <line number="31" hits="192508" branch="false" />
                <line number="36" hits="3446272" branch="true" condition-coverage="100% (2/2)" />
                <line number="37" hits="1530628" branch="false" />
                <line number="38" hits="1530628" branch="false" />
                <line number="39" hits="1530628" branch="true" condition-coverage="75% (3/4)" />
                <line number="42" hits="743946" branch="false" />
                <line number="45" hits="786682" branch="false" />
                <line number="46" hits="786682" branch="false" />
                <line number="47" hits="786682" branch="false" />
                <line number="48" hits="786682" branch="false" />
                <line number="50" hits="0" branch="false" />
                <line number="53" hits="1530628" branch="true" condition-coverage="100% (2/2)" />
                <line number="54" hits="191326" branch="false" />
                <line number="57" hits="191326" branch="false" />
                <line number="58" hits="191326" branch="false" />
                <line number="59" hits="191326" branch="false" />
                <line number="60" hits="191326" branch="false" />
                <line number="62" hits="1339302" branch="false" />
                <line number="63" hits="1339302" branch="false" />
                <line number="64" hits="1339302" branch="false" />
                <line number="65" hits="1530628" branch="false" />
                <line number="66" hits="192508" branch="false" />
              </lines>
            </method>
            <method name="Flush" signature="()" line-rate="1" branch-rate="1" complexity="1">
              <lines>
                <line number="73" hits="8" branch="false" />
                <line number="74" hits="8" branch="false" />
                <line number="75" hits="8" branch="false" />
              </lines>
            </method>
            <method name=".ctor" signature="(System.IO.FileStream)" line-rate="1" branch-rate="1" complexity="1">
              <lines>
                <line number="16" hits="8" branch="false" />
                <line number="17" hits="8" branch="false" />
                <line number="18" hits="8" branch="false" />
                <line number="19" hits="8" branch="false" />
                <line number="20" hits="8" branch="false" />
                <line number="21" hits="8" branch="false" />
                <line number="22" hits="8" branch="false" />
              </lines>
            </method>
          </methods>
          <lines>
            <line number="16" hits="8" branch="false" />
            <line number="17" hits="8" branch="false" />
            <line number="18" hits="8" branch="false" />
            <line number="19" hits="8" branch="false" />
            <line number="20" hits="8" branch="false" />
            <line number="21" hits="8" branch="false" />
            <line number="22" hits="8" branch="false" />
            <line number="30" hits="192508" branch="false" />
            <line number="31" hits="192508" branch="false" />
            <line number="36" hits="3446272" branch="true" condition-coverage="100% (2/2)" />
            <line number="37" hits="1530628" branch="false" />
            <line number="38" hits="1530628" branch="false" />
            <line number="39" hits="1530628" branch="true" condition-coverage="75% (3/4)" />
            <line number="42" hits="743946" branch="false" />
            <line number="45" hits="786682" branch="false" />
            <line number="46" hits="786682" branch="false" />
            <line number="47" hits="786682" branch="false" />
            <line number="48" hits="786682" branch="false" />
            <line number="50" hits="0" branch="false" />
            <line number="53" hits="1530628" branch="true" condition-coverage="100% (2/2)" />
            <line number="54" hits="191326" branch="false" />
            <line number="57" hits="191326" branch="false" />
            <line number="58" hits="191326" branch="false" />
            <line number="59" hits="191326" branch="false" />
            <line number="60" hits="191326" branch="false" />
            <line number="62" hits="1339302" branch="false" />
            <line number="63" hits="1339302" branch="false" />
            <line number="64" hits="1339302" branch="false" />
            <line number="65" hits="1530628" branch="false" />
            <line number="66" hits="192508" branch="false" />
            <line number="73" hits="8" branch="false" />
            <line number="74" hits="8" branch="false" />
            <line number="75" hits="8" branch="false" />
          </lines>
        </class>
        <class name="HuffmanCompressorLib.FrequencyCounter" filename="C:\Users\luism\Documents\GitHub\HuffmanCompressor\HuffmanCompressor\FrequencyCounter.cs" line-rate="0.9285714285714286" branch-rate="0.8333333333333334" complexity="20">
          <methods>
            <method name="Increment" signature="(System.Byte)" line-rate="0.8888888888888888" branch-rate="0.75" complexity="8">
              <lines>
                <line number="45" hits="192502" branch="false" />
                <line number="49" hits="192502" branch="true" condition-coverage="50% (2/4)" />
                <line number="50" hits="192502" branch="false" />
                <line number="51" hits="0" branch="false" />
                <line number="52" hits="0" branch="false" />
                <line number="55" hits="192502" branch="false" />
                <line number="56" hits="192502" branch="true" condition-coverage="100% (2/2)" />
                <line number="57" hits="192502" branch="false" />
                <line number="59" hits="192502" branch="true" condition-coverage="100% (2/2)" />
                <line number="60" hits="1" branch="false" />
                <line number="61" hits="1" branch="false" />
                <line number="62" hits="1" branch="false" />
                <line number="64" hits="192501" branch="false" />
                <line number="65" hits="192501" branch="false" />
                <line number="66" hits="192501" branch="false" />
                <line number="68" hits="192502" branch="false" />
                <line number="69" hits="192502" branch="false" />
                <line number="70" hits="192502" branch="false" />
              </lines>
            </method>
            <method name="SetFrequency" signature="(System.Byte,System.UInt32)" line-rate="1" branch-rate="1" complexity="1">
              <lines>
                <line number="78" hits="579" branch="false" />
                <line number="79" hits="579" branch="false" />
                <line number="80" hits="579" branch="false" />
                <line number="81" hits="579" branch="false" />
              </lines>
            </method>
            <method name="GetFrequency" signature="(System.Byte)" line-rate="0.7777777777777778" branch-rate="0.75" complexity="4">
              <lines>
                <line number="89" hits="11014" branch="false" />
                <line number="93" hits="11014" branch="true" condition-coverage="100% (2/2)" />
                <line number="94" hits="8127" branch="false" />
                <line number="95" hits="8127" branch="true" condition-coverage="50% (1/2)" />
                <line number="96" hits="0" branch="false" />
                <line number="97" hits="0" branch="false" />
                <line number="100" hits="8127" branch="false" />
                <line number="103" hits="2887" branch="false" />
                <line number="104" hits="11014" branch="false" />
              </lines>
            </method>
            <method name="Rebase" signature="()" line-rate="1" branch-rate="1" complexity="1">
              <lines>
                <line number="128" hits="1" branch="false" />
                <line number="129" hits="257" branch="false" />
                <line number="130" hits="1" branch="false" />
                <line number="131" hits="1" branch="false" />
              </lines>
            </method>
            <method name=".ctor" signature="()" line-rate="1" branch-rate="1" complexity="2">
              <lines>
                <line number="24" hits="42" branch="false" />
                <line number="25" hits="42" branch="false" />
                <line number="26" hits="42" branch="false" />
                <line number="27" hits="42" branch="false" />
                <line number="28" hits="42" branch="false" />
                <line number="33" hits="21588" branch="true" condition-coverage="100% (2/2)" />
                <line number="34" hits="10752" branch="false" />
                <line number="35" hits="10752" branch="false" />
                <line number="36" hits="10752" branch="false" />
                <line number="37" hits="10752" branch="false" />
                <line number="38" hits="42" branch="false" />
              </lines>
            </method>
            <method name="GetEnumerator" signature="()" line-rate="1" branch-rate="1" complexity="4">
              <lines>
                <line number="111" hits="43" branch="false" />
                <line number="112" hits="22102" branch="true" condition-coverage="100% (2/2)" />
                <line number="113" hits="11008" branch="false" />
                <line number="114" hits="11008" branch="false" />
                <line number="115" hits="11008" branch="true" condition-coverage="100% (2/2)" />
                <line number="116" hits="2883" branch="false" />
                <line number="117" hits="2883" branch="false" />
                <line number="118" hits="2883" branch="false" />
                <line number="119" hits="11008" branch="false" />
                <line number="120" hits="43" branch="false" />
              </lines>
            </method>
          </methods>
          <lines>
            <line number="24" hits="42" branch="false" />
            <line number="25" hits="42" branch="false" />
            <line number="26" hits="42" branch="false" />
            <line number="27" hits="42" branch="false" />
            <line number="28" hits="42" branch="false" />
            <line number="33" hits="21588" branch="true" condition-coverage="100% (2/2)" />
            <line number="34" hits="10752" branch="false" />
            <line number="35" hits="10752" branch="false" />
            <line number="36" hits="10752" branch="false" />
            <line number="37" hits="10752" branch="false" />
            <line number="38" hits="42" branch="false" />
            <line number="45" hits="192502" branch="false" />
            <line number="49" hits="192502" branch="true" condition-coverage="50% (2/4)" />
            <line number="50" hits="192502" branch="false" />
            <line number="51" hits="0" branch="false" />
            <line number="52" hits="0" branch="false" />
            <line number="55" hits="192502" branch="false" />
            <line number="56" hits="192502" branch="true" condition-coverage="100% (2/2)" />
            <line number="57" hits="192502" branch="false" />
            <line number="59" hits="192502" branch="true" condition-coverage="100% (2/2)" />
            <line number="60" hits="1" branch="false" />
            <line number="61" hits="1" branch="false" />
            <line number="62" hits="1" branch="false" />
            <line number="64" hits="192501" branch="false" />
            <line number="65" hits="192501" branch="false" />
            <line number="66" hits="192501" branch="false" />
            <line number="68" hits="192502" branch="false" />
            <line number="69" hits="192502" branch="false" />
            <line number="70" hits="192502" branch="false" />
            <line number="78" hits="579" branch="false" />
            <line number="79" hits="579" branch="false" />
            <line number="80" hits="579" branch="false" />
            <line number="81" hits="579" branch="false" />
            <line number="89" hits="11014" branch="false" />
            <line number="93" hits="11014" branch="true" condition-coverage="100% (2/2)" />
            <line number="94" hits="8127" branch="false" />
            <line number="95" hits="8127" branch="true" condition-coverage="50% (1/2)" />
            <line number="96" hits="0" branch="false" />
            <line number="97" hits="0" branch="false" />
            <line number="100" hits="8127" branch="false" />
            <line number="103" hits="2887" branch="false" />
            <line number="104" hits="11014" branch="false" />
            <line number="111" hits="43" branch="false" />
            <line number="112" hits="22102" branch="true" condition-coverage="100% (2/2)" />
            <line number="113" hits="11008" branch="false" />
            <line number="114" hits="11008" branch="false" />
            <line number="115" hits="11008" branch="true" condition-coverage="100% (2/2)" />
            <line number="116" hits="2883" branch="false" />
            <line number="117" hits="2883" branch="false" />
            <line number="118" hits="2883" branch="false" />
            <line number="119" hits="11008" branch="false" />
            <line number="120" hits="43" branch="false" />
            <line number="128" hits="1" branch="false" />
            <line number="129" hits="257" branch="false" />
            <line number="130" hits="1" branch="false" />
            <line number="131" hits="1" branch="false" />
          </lines>
        </class>
        <class name="HuffmanCompressorLib.HuffmanCompressor" filename="C:\Users\luism\Documents\GitHub\HuffmanCompressor\HuffmanCompressor\HuffmanCompressor.cs" line-rate="0.9574468085106383" branch-rate="0.9" complexity="34">
          <methods>
            <method name="Compress" signature="(System.String,System.String)" line-rate="1" branch-rate="1" complexity="1">
              <lines>
                <line number="39" hits="10" branch="false" />
                <line number="40" hits="10" branch="false" />
                <line number="41" hits="9" branch="false" />
                <line number="43" hits="8" branch="false" />
                <line number="44" hits="8" branch="false" />
                <line number="45" hits="8" branch="false" />
                <line number="46" hits="8" branch="false" />
                <line number="47" hits="8" branch="false" />
              </lines>
            </method>
            <method name="Inflate" signature="(System.String,System.String)" line-rate="1" branch-rate="1" complexity="1">
              <lines>
                <line number="58" hits="10" branch="false" />
                <line number="59" hits="10" branch="false" />
                <line number="60" hits="9" branch="false" />
                <line number="62" hits="8" branch="false" />
                <line number="63" hits="8" branch="false" />
                <line number="64" hits="8" branch="false" />
                <line number="65" hits="8" branch="false" />
                <line number="66" hits="8" branch="false" />
              </lines>
            </method>
            <method name="InitializeFrequencyDictionary" signature="(System.String)" line-rate="1" branch-rate="1" complexity="2">
              <lines>
                <line number="69" hits="8" branch="false" />
                <line number="70" hits="8" branch="false" />
                <line number="71" hits="8" branch="false" />
                <line number="72" hits="8" branch="false" />
                <line number="75" hits="192508" branch="true" condition-coverage="100% (2/2)" />
                <line number="76" hits="192500" branch="false" />
                <line number="77" hits="192500" branch="false" />
                <line number="78" hits="192500" branch="false" />
                <line number="79" hits="192500" branch="false" />
                <line number="80" hits="8" branch="false" />
                <line number="81" hits="8" branch="false" />
              </lines>
            </method>
            <method name="BuildTree" signature="()" line-rate="1" branch-rate="1" complexity="4">
              <lines>
                <line number="84" hits="16" branch="false" />
                <line number="86" hits="16" branch="false" />
                <line number="87" hits="2352" branch="true" condition-coverage="100% (2/2)" />
                <line number="88" hits="1152" branch="false" />
                <line number="89" hits="1152" branch="false" />
                <line number="90" hits="1152" branch="false" />
                <line number="95" hits="16" branch="false" />
                <line number="99" hits="1168" branch="true" condition-coverage="100% (2/2)" />
                <line number="100" hits="1152" branch="false" />
                <line number="101" hits="1152" branch="false" />
                <line number="102" hits="1152" branch="false" />
                <line number="103" hits="1152" branch="false" />
                <line number="104" hits="1152" branch="false" />
                <line number="106" hits="16" branch="false" />
                <line number="107" hits="16" branch="false" />
              </lines>
            </method>
            <method name="BuildBinaryCodeMappings" signature="()" line-rate="1" branch-rate="1" complexity="1">
              <lines>
                <line number="110" hits="16" branch="false" />
                <line number="111" hits="16" branch="false" />
                <line number="112" hits="16" branch="false" />
                <line number="113" hits="16" branch="false" />
              </lines>
            </method>
            <method name="BuildBinaryCodeMappings" signature="(HuffmanCompressorLib.Node`1&lt;System.Int16&gt;,System.String)" line-rate="1" branch-rate="1" complexity="2">
              <lines>
                <line number="116" hits="2320" branch="false" />
                <line number="117" hits="2320" branch="true" condition-coverage="100% (2/2)" />
                <line number="118" hits="1168" branch="false" />
                <line number="119" hits="1168" branch="false" />
                <line number="120" hits="1168" branch="false" />
                <line number="124" hits="1152" branch="false" />
                <line number="125" hits="1152" branch="false" />
                <line number="126" hits="2320" branch="false" />
              </lines>
            </method>
            <method name="CompressInternal" signature="(System.String,System.String)" line-rate="1" branch-rate="1" complexity="2">
              <lines>
                <line number="129" hits="8" branch="false" />
                <line number="130" hits="8" branch="false" />
                <line number="131" hits="8" branch="false" />
                <line number="133" hits="8" branch="false" />
                <line number="134" hits="8" branch="false" />
                <line number="135" hits="8" branch="false" />
                <line number="137" hits="8" branch="false" />
                <line number="141" hits="192508" branch="true" condition-coverage="100% (2/2)" />
                <line number="142" hits="192500" branch="false" />
                <line number="143" hits="192500" branch="false" />
                <line number="144" hits="192500" branch="false" />
                <line number="147" hits="8" branch="false" />
                <line number="149" hits="8" branch="false" />
                <line number="150" hits="8" branch="false" />
                <line number="151" hits="8" branch="false" />
                <line number="152" hits="8" branch="false" />
              </lines>
            </method>
            <method name="WriteFrequencyDictionary" signature="(System.IO.FileStream)" line-rate="1" branch-rate="1" complexity="2">
              <lines>
                <line number="162" hits="8" branch="false" />
                <line number="163" hits="8" branch="false" />
                <line number="166" hits="8" branch="false" />
                <line number="167" hits="1176" branch="true" condition-coverage="100% (2/2)" />
                <line number="168" hits="576" branch="false" />
                <line number="169" hits="576" branch="false" />
                <line number="170" hits="576" branch="false" />
                <line number="171" hits="576" branch="false" />
                <line number="172" hits="8" branch="false" />
                <line number="173" hits="8" branch="false" />
              </lines>
            </method>
            <method name="ReadFrequencyDictionary" signature="(System.String)" line-rate="0.7272727272727273" branch-rate="0.6666666666666666" complexity="6">
              <lines>
                <line number="176" hits="8" branch="false" />
                <line number="177" hits="8" branch="false" />
                <line number="180" hits="8" branch="false" />
                <line number="181" hits="8" branch="false" />
                <line number="182" hits="8" branch="false" />
                <line number="183" hits="0" branch="false" />
                <line number="184" hits="0" branch="false" />
                <line number="185" hits="0" branch="false" />
                <line number="186" hits="0" branch="false" />
                <line number="189" hits="8" branch="false" />
                <line number="190" hits="8" branch="false" />
                <line number="192" hits="8" branch="true" condition-coverage="50% (2/4)" />
                <line number="193" hits="0" branch="false" />
                <line number="194" hits="0" branch="false" />
                <line number="197" hits="1168" branch="true" condition-coverage="100% (2/2)" />
                <line number="198" hits="576" branch="false" />
                <line number="199" hits="576" branch="false" />
                <line number="200" hits="576" branch="false" />
                <line number="201" hits="576" branch="false" />
                <line number="202" hits="576" branch="false" />
                <line number="205" hits="8" branch="false" />
                <line number="206" hits="8" branch="false" />
              </lines>
            </method>
            <method name="InflateInternal" signature="(System.IO.FileStream,System.String)" line-rate="1" branch-rate="0.9166666666666666" complexity="12">
              <lines>
                <line number="209" hits="8" branch="false" />
                <line number="211" hits="8" branch="false" />
                <line number="212" hits="8" branch="false" />
                <line number="214" hits="8" branch="true" condition-coverage="100% (2/2)" />
                <line number="215" hits="2" branch="false" />
                <line number="216" hits="2" branch="false" />
                <line number="221" hits="1170" branch="true" condition-coverage="50% (1/2)" />
                <line number="222" hits="6" branch="false" />
                <line number="223" hits="6" branch="false" />
                <line number="224" hits="192512" branch="true" condition-coverage="100% (2/2)" />
                <line number="225" hits="192506" branch="false" />
                <line number="226" hits="192506" branch="false" />
                <line number="227" hits="192506" branch="false" />
                <line number="228" hits="1723134" branch="true" condition-coverage="100% (2/2)" />
                <line number="229" hits="1530628" branch="false" />
                <line number="230" hits="1530628" branch="false" />
                <line number="231" hits="1530628" branch="false" />
                <line number="232" hits="1530628" branch="true" condition-coverage="100% (2/2)" />
                <line number="233" hits="192506" branch="false" />
                <line number="234" hits="192506" branch="false" />
                <line number="235" hits="192506" branch="true" condition-coverage="100% (2/2)" />
                <line number="236" hits="6" branch="false" />
                <line number="237" hits="6" branch="false" />
                <line number="238" hits="6" branch="false" />
                <line number="240" hits="192500" branch="false" />
                <line number="242" hits="192500" branch="false" />
                <line number="243" hits="192500" branch="false" />
                <line number="244" hits="192500" branch="false" />
                <line number="245" hits="192506" branch="false" />
                <line number="246" hits="1530628" branch="false" />
                <line number="247" hits="192506" branch="false" />
                <line number="248" hits="6" branch="false" />
                <line number="249" hits="6" branch="false" />
                <line number="250" hits="8" branch="false" />
              </lines>
            </method>
            <method name=".ctor" signature="()" line-rate="1" branch-rate="1" complexity="1">
              <lines>
                <line number="24" hits="22" branch="false" />
                <line number="25" hits="22" branch="false" />
                <line number="26" hits="22" branch="false" />
                <line number="27" hits="22" branch="false" />
                <line number="28" hits="22" branch="false" />
              </lines>
            </method>
          </methods>
          <lines>
            <line number="24" hits="22" branch="false" />
            <line number="25" hits="22" branch="false" />
            <line number="26" hits="22" branch="false" />
            <line number="27" hits="22" branch="false" />
            <line number="28" hits="22" branch="false" />
            <line number="39" hits="10" branch="false" />
            <line number="40" hits="10" branch="false" />
            <line number="41" hits="9" branch="false" />
            <line number="43" hits="8" branch="false" />
            <line number="44" hits="8" branch="false" />
            <line number="45" hits="8" branch="false" />
            <line number="46" hits="8" branch="false" />
            <line number="47" hits="8" branch="false" />
            <line number="58" hits="10" branch="false" />
            <line number="59" hits="10" branch="false" />
            <line number="60" hits="9" branch="false" />
            <line number="62" hits="8" branch="false" />
            <line number="63" hits="8" branch="false" />
            <line number="64" hits="8" branch="false" />
            <line number="65" hits="8" branch="false" />
            <line number="66" hits="8" branch="false" />
            <line number="69" hits="8" branch="false" />
            <line number="70" hits="8" branch="false" />
            <line number="71" hits="8" branch="false" />
            <line number="72" hits="8" branch="false" />
            <line number="75" hits="192508" branch="true" condition-coverage="100% (2/2)" />
            <line number="76" hits="192500" branch="false" />
            <line number="77" hits="192500" branch="false" />
            <line number="78" hits="192500" branch="false" />
            <line number="79" hits="192500" branch="false" />
            <line number="80" hits="8" branch="false" />
            <line number="81" hits="8" branch="false" />
            <line number="84" hits="16" branch="false" />
            <line number="86" hits="16" branch="false" />
            <line number="87" hits="2352" branch="true" condition-coverage="100% (2/2)" />
            <line number="88" hits="1152" branch="false" />
            <line number="89" hits="1152" branch="false" />
            <line number="90" hits="1152" branch="false" />
            <line number="95" hits="16" branch="false" />
            <line number="99" hits="1168" branch="true" condition-coverage="100% (2/2)" />
            <line number="100" hits="1152" branch="false" />
            <line number="101" hits="1152" branch="false" />
            <line number="102" hits="1152" branch="false" />
            <line number="103" hits="1152" branch="false" />
            <line number="104" hits="1152" branch="false" />
            <line number="106" hits="16" branch="false" />
            <line number="107" hits="16" branch="false" />
            <line number="110" hits="16" branch="false" />
            <line number="111" hits="16" branch="false" />
            <line number="112" hits="16" branch="false" />
            <line number="113" hits="16" branch="false" />
            <line number="116" hits="2320" branch="false" />
            <line number="117" hits="2320" branch="true" condition-coverage="100% (2/2)" />
            <line number="118" hits="1168" branch="false" />
            <line number="119" hits="1168" branch="false" />
            <line number="120" hits="1168" branch="false" />
            <line number="124" hits="1152" branch="false" />
            <line number="125" hits="1152" branch="false" />
            <line number="126" hits="2320" branch="false" />
            <line number="129" hits="8" branch="false" />
            <line number="130" hits="8" branch="false" />
            <line number="131" hits="8" branch="false" />
            <line number="133" hits="8" branch="false" />
            <line number="134" hits="8" branch="false" />
            <line number="135" hits="8" branch="false" />
            <line number="137" hits="8" branch="false" />
            <line number="141" hits="192508" branch="true" condition-coverage="100% (2/2)" />
            <line number="142" hits="192500" branch="false" />
            <line number="143" hits="192500" branch="false" />
            <line number="144" hits="192500" branch="false" />
            <line number="147" hits="8" branch="false" />
            <line number="149" hits="8" branch="false" />
            <line number="150" hits="8" branch="false" />
            <line number="151" hits="8" branch="false" />
            <line number="152" hits="8" branch="false" />
            <line number="162" hits="8" branch="false" />
            <line number="163" hits="8" branch="false" />
            <line number="166" hits="8" branch="false" />
            <line number="167" hits="1176" branch="true" condition-coverage="100% (2/2)" />
            <line number="168" hits="576" branch="false" />
            <line number="169" hits="576" branch="false" />
            <line number="170" hits="576" branch="false" />
            <line number="171" hits="576" branch="false" />
            <line number="172" hits="8" branch="false" />
            <line number="173" hits="8" branch="false" />
            <line number="176" hits="8" branch="false" />
            <line number="177" hits="8" branch="false" />
            <line number="180" hits="8" branch="false" />
            <line number="181" hits="8" branch="false" />
            <line number="182" hits="8" branch="false" />
            <line number="183" hits="0" branch="false" />
            <line number="184" hits="0" branch="false" />
            <line number="185" hits="0" branch="false" />
            <line number="186" hits="0" branch="false" />
            <line number="189" hits="8" branch="false" />
            <line number="190" hits="8" branch="false" />
            <line number="192" hits="8" branch="true" condition-coverage="50% (2/4)" />
            <line number="193" hits="0" branch="false" />
            <line number="194" hits="0" branch="false" />
            <line number="197" hits="1168" branch="true" condition-coverage="100% (2/2)" />
            <line number="198" hits="576" branch="false" />
            <line number="199" hits="576" branch="false" />
            <line number="200" hits="576" branch="false" />
            <line number="201" hits="576" branch="false" />
            <line number="202" hits="576" branch="false" />
            <line number="205" hits="8" branch="false" />
            <line number="206" hits="8" branch="false" />
            <line number="209" hits="8" branch="false" />
            <line number="211" hits="8" branch="false" />
            <line number="212" hits="8" branch="false" />
            <line number="214" hits="8" branch="true" condition-coverage="100% (2/2)" />
            <line number="215" hits="2" branch="false" />
            <line number="216" hits="2" branch="false" />
            <line number="221" hits="1170" branch="true" condition-coverage="50% (1/2)" />
            <line number="222" hits="6" branch="false" />
            <line number="223" hits="6" branch="false" />
            <line number="224" hits="192512" branch="true" condition-coverage="100% (2/2)" />
            <line number="225" hits="192506" branch="false" />
            <line number="226" hits="192506" branch="false" />
            <line number="227" hits="192506" branch="false" />
            <line number="228" hits="1723134" branch="true" condition-coverage="100% (2/2)" />
            <line number="229" hits="1530628" branch="false" />
            <line number="230" hits="1530628" branch="false" />
            <line number="231" hits="1530628" branch="false" />
            <line number="232" hits="1530628" branch="true" condition-coverage="100% (2/2)" />
            <line number="233" hits="192506" branch="false" />
            <line number="234" hits="192506" branch="false" />
            <line number="235" hits="192506" branch="true" condition-coverage="100% (2/2)" />
            <line number="236" hits="6" branch="false" />
            <line number="237" hits="6" branch="false" />
            <line number="238" hits="6" branch="false" />
            <line number="240" hits="192500" branch="false" />
            <line number="242" hits="192500" branch="false" />
            <line number="243" hits="192500" branch="false" />
            <line number="244" hits="192500" branch="false" />
            <line number="245" hits="192506" branch="false" />
            <line number="246" hits="1530628" branch="false" />
            <line number="247" hits="192506" branch="false" />
            <line number="248" hits="6" branch="false" />
            <line number="249" hits="6" branch="false" />
            <line number="250" hits="8" branch="false" />
          </lines>
        </class>
        <class name="HuffmanCompressorLib.Node`1" filename="C:\Users\luism\Documents\GitHub\HuffmanCompressor\HuffmanCompressor\Node.cs" line-rate="1" branch-rate="1" complexity="7">
          <methods>
            <method name="GetLeft" signature="()" line-rate="1" branch-rate="1" complexity="1">
              <lines>
                <line number="40" hits="1152" branch="false" />
                <line number="41" hits="1152" branch="false" />
                <line number="42" hits="1152" branch="false" />
              </lines>
            </method>
            <method name="GetRight" signature="()" line-rate="1" branch-rate="1" complexity="1">
              <lines>
                <line number="49" hits="1152" branch="false" />
                <line number="50" hits="1152" branch="false" />
                <line number="51" hits="1152" branch="false" />
              </lines>
            </method>
            <method name="get_IsLeafNode" signature="()" line-rate="1" branch-rate="1" complexity="2">
              <lines>
                <line number="59" hits="2320" branch="false" />
                <line number="60" hits="2320" branch="true" condition-coverage="100% (2/2)" />
                <line number="61" hits="2320" branch="false" />
              </lines>
            </method>
            <method name="get_Value" signature="()" line-rate="1" branch-rate="1" complexity="1">
              <lines>
                <line number="70" hits="1168" branch="false" />
                <line number="71" hits="1168" branch="false" />
                <line number="72" hits="1168" branch="false" />
              </lines>
            </method>
            <method name=".ctor" signature="(T)" line-rate="1" branch-rate="1" complexity="1">
              <lines>
                <line number="17" hits="1168" branch="false" />
                <line number="18" hits="1168" branch="false" />
                <line number="19" hits="1168" branch="false" />
                <line number="20" hits="1168" branch="false" />
                <line number="21" hits="1168" branch="false" />
                <line number="22" hits="1168" branch="false" />
              </lines>
            </method>
            <method name=".ctor" signature="(HuffmanCompressorLib.Node`1&lt;T&gt;,HuffmanCompressorLib.Node`1&lt;T&gt;)" line-rate="1" branch-rate="1" complexity="1">
              <lines>
                <line number="29" hits="1152" branch="false" />
                <line number="30" hits="1152" branch="false" />
                <line number="31" hits="1152" branch="false" />
                <line number="32" hits="1152" branch="false" />
                <line number="33" hits="1152" branch="false" />
              </lines>
            </method>
          </methods>
          <lines>
            <line number="17" hits="1168" branch="false" />
            <line number="18" hits="1168" branch="false" />
            <line number="19" hits="1168" branch="false" />
            <line number="20" hits="1168" branch="false" />
            <line number="21" hits="1168" branch="false" />
            <line number="22" hits="1168" branch="false" />
            <line number="29" hits="1152" branch="false" />
            <line number="30" hits="1152" branch="false" />
            <line number="31" hits="1152" branch="false" />
            <line number="32" hits="1152" branch="false" />
            <line number="33" hits="1152" branch="false" />
            <line number="40" hits="1152" branch="false" />
            <line number="41" hits="1152" branch="false" />
            <line number="42" hits="1152" branch="false" />
            <line number="49" hits="1152" branch="false" />
            <line number="50" hits="1152" branch="false" />
            <line number="51" hits="1152" branch="false" />
            <line number="59" hits="2320" branch="false" />
            <line number="60" hits="2320" branch="true" condition-coverage="100% (2/2)" />
            <line number="61" hits="2320" branch="false" />
            <line number="70" hits="1168" branch="false" />
            <line number="71" hits="1168" branch="false" />
            <line number="72" hits="1168" branch="false" />
          </lines>
        </class>
      </classes>
    </package>
  </packages>
</coverage>